<?xml version="1.0" encoding="UTF-8"?>
<testng-results ignored="0" total="1" passed="1" failed="0" skipped="0">
  <reporter-output>
  </reporter-output>
  <suite started-at="2022-08-16T14:42:40 IST" name="Default suite" finished-at="2022-08-16T14:42:41 IST" duration-ms="143">
    <groups>
    </groups>
    <test started-at="2022-08-16T14:42:40 IST" name="Default test" finished-at="2022-08-16T14:42:41 IST" duration-ms="143">
      <class name="Practise.Demo1Test">
        <test-method signature="demo1Test()[pri:0, instance:Practise.Demo1Test@49912c99]" started-at="2022-08-16T14:42:41 IST" name="demo1Test" finished-at="2022-08-16T14:42:41 IST" duration-ms="23" status="PASS">
          <reporter-output>
          </reporter-output>
        </test-method> <!-- demo1Test -->
      </class> <!-- Practise.Demo1Test -->
    </test> <!-- Default test -->
  </suite> <!-- Default suite -->
</testng-results>
